\BOOKMARK [0][-]{chapter.1}{Introduction}{}% 1
\BOOKMARK [0][-]{chapter.2}{Getting\040started}{}% 2
\BOOKMARK [1][-]{section.2.1}{Writing\040Systems}{chapter.2}% 3
\BOOKMARK [1][-]{section.2.2}{Project\040Options}{chapter.2}% 4
\BOOKMARK [1][-]{section.2.3}{View\040configuration}{chapter.2}% 5
\BOOKMARK [1][-]{section.2.4}{Adding\040texts}{chapter.2}% 6
\BOOKMARK [2][-]{subsection.2.4.1}{Adding\040texts\040from\040Elan\040files}{section.2.4}% 7
\BOOKMARK [1][-]{section.2.5}{The\040interlinear\040interface}{chapter.2}% 8
\BOOKMARK [0][-]{chapter.3}{Intermediate\040skills}{}% 9
\BOOKMARK [1][-]{section.3.1}{Dealing\040with\040homophones/homonyms,\040alternate\040transcriptions,\040and\040alternate\040glosses}{chapter.3}% 10
\BOOKMARK [1][-]{section.3.2}{Adding\040annotations}{chapter.3}% 11
\BOOKMARK [1][-]{section.3.3}{Editing\040the\040baseline\040text}{chapter.3}% 12
\BOOKMARK [0][-]{chapter.4}{Digging\040deeper}{}% 13
\BOOKMARK [1][-]{section.4.1}{Basic\040concepts}{chapter.4}% 14
\BOOKMARK [1][-]{section.4.2}{Types\040of\040interlinear\040lines}{chapter.4}% 15
\BOOKMARK [1][-]{section.4.3}{Switching\040input\040languages\040automatically}{chapter.4}% 16
\BOOKMARK [2][-]{subsection.4.3.1}{Switching\040input\040languages\040in\040Windows}{section.4.3}% 17
\BOOKMARK [1][-]{section.4.4}{Searching}{chapter.4}% 18
\BOOKMARK [2][-]{subsection.4.4.1}{The\040Search\040Index}{section.4.4}% 19
\BOOKMARK [2][-]{subsection.4.4.2}{Approved\040and\040Unapproved\040Lines}{section.4.4}% 20
\BOOKMARK [1][-]{section.4.5}{Syntactic\040Analysis}{chapter.4}% 21
\BOOKMARK [2][-]{subsection.4.5.1}{Getting\040Started}{section.4.5}% 22
\BOOKMARK [2][-]{subsection.4.5.2}{Annotating}{section.4.5}% 23
\BOOKMARK [2][-]{subsection.4.5.3}{Synchronizing\040your\040morphophonemic\040analysis}{section.4.5}% 24
\BOOKMARK [2][-]{subsection.4.5.4}{Annotating\040with\040a\040fixed\040vocabulary}{section.4.5}% 25
\BOOKMARK [0][-]{chapter.5}{Advanced\040use}{}% 26
\BOOKMARK [1][-]{section.5.1}{The\040``Under\040the\040hood''\040menu}{chapter.5}% 27
\BOOKMARK [1][-]{section.5.2}{Types\040of\040files}{chapter.5}% 28
\BOOKMARK [2][-]{subsection.5.2.1}{Gloss's\040FlexText\040files}{section.5.2}% 29
\BOOKMARK [2][-]{subsection.5.2.2}{File\040Encoding}{section.5.2}% 30
